<?xml version="1.0" encoding="UTF-8"?>
<testsuite xmlns:xsi="http://www.w3.org/2001/XMLSchema-instance" xsi:noNamespaceSchemaLocation="https://maven.apache.org/surefire/maven-surefire-plugin/xsd/surefire-test-report-3.0.xsd" version="3.0" name="TestSuite" time="3.625" tests="3" errors="0" skipped="0" failures="0">
  <properties>
[...]
</properties>
  <testcase name="runScenario[&quot;Register, Login, and Create Support Case&quot;, &quot;User Registration and Support Case Creation&quot;](1)" classname="runner.TestRunner" time="1.129">
    <system-out><![CDATA[
Scenario Outline: Register, Login, and Create Support Case                                                          # src/test/resources/features/loginpage.feature:13
  Given a user with username "eve.holt" and password "pistol"                                                       # org.satyan.stepdefs.UserRegistrationSteps.aUserWithUsernameAndPassword(java.lang.String,java.lang.String)
Request method:	POST
Request URI:	http://localhost:8080/register
Proxy:			<none>
Request params:	<none>
Query params:	<none>
Form params:	<none>
Path params:	<none>
Headers:		Accept=*/*
				Content-Type=application/json
Cookies:		<none>
Multiparts:		<none>
Body:
{
    "password": "pistol",
    "email": "eve.holt"
}
  When the user registers                                                                                           # org.satyan.stepdefs.UserRegistrationSteps.theUserRegisters()
Registration Successful: {"id":4,"token":"QpwL5tke4Pnpja7X4"}
  Then the registration should be successful                                                                        # org.satyan.stepdefs.UserRegistrationSteps.theRegistrationShouldBeSuccessful()
  When the user logs in                                                                                             # org.satyan.stepdefs.UserRegistrationSteps.theUserLogsIn()
Login Successful: {"token":"QpwL5tke4Pnpja7X4"}
  Then the login should be successful and an auth token is returned                                                 # org.satyan.stepdefs.UserRegistrationSteps.theLoginShouldBeSuccessfulAndAnAuthTokenIsReturned()
  When the user creates a support case with title "Test Support Case" and description "This is a test support case" # org.satyan.stepdefs.UserRegistrationSteps.theUserCreatesASupportCaseWithTitleAndDescription(java.lang.String,java.lang.String)
Support Case Created: {"caseId": "98765EBD27Z0T56"}
  Then the support case creation should be successful                                                               # org.satyan.stepdefs.UserRegistrationSteps.theSupportCaseCreationShouldBeSuccessful()
]]></system-out>
    <system-err><![CDATA[SLF4J: Failed to load class "org.slf4j.impl.StaticLoggerBinder".
SLF4J: Defaulting to no-operation (NOP) logger implementation
SLF4J: See http://www.slf4j.org/codes.html#StaticLoggerBinder for further details.
]]></system-err>
  </testcase>
  <testcase name="runScenario[&quot;Register, Login, and Create Support Case&quot;, &quot;User Registration and Support Case Creation&quot;](2)" classname="runner.TestRunner" time="0.044">
    <system-out><![CDATA[
Scenario Outline: Register, Login, and Create Support Case                                                          # src/test/resources/features/loginpage.feature:14
  Given a user with username "satyan" and password "password"                                                       # org.satyan.stepdefs.UserRegistrationSteps.aUserWithUsernameAndPassword(java.lang.String,java.lang.String)
Request method:	POST
Request URI:	http://localhost:8080/register
Proxy:			<none>
Request params:	<none>
Query params:	<none>
Form params:	<none>
Path params:	<none>
Headers:		Accept=*/*
				Content-Type=application/json
Cookies:		<none>
Multiparts:		<none>
Body:
{
    "password": "password",
    "email": "satyan"
}
  When the user registers                                                                                           # org.satyan.stepdefs.UserRegistrationSteps.theUserRegisters()
Registration Successful: {"id":4,"token":"QpwL5tke4Pnpja7X4"}
  Then the registration should be successful                                                                        # org.satyan.stepdefs.UserRegistrationSteps.theRegistrationShouldBeSuccessful()
  When the user logs in                                                                                             # org.satyan.stepdefs.UserRegistrationSteps.theUserLogsIn()
Login Successful: {"token":"QpwL5tke4Pnpja7X4"}
  Then the login should be successful and an auth token is returned                                                 # org.satyan.stepdefs.UserRegistrationSteps.theLoginShouldBeSuccessfulAndAnAuthTokenIsReturned()
  When the user creates a support case with title "Test Support Case" and description "This is a test support case" # org.satyan.stepdefs.UserRegistrationSteps.theUserCreatesASupportCaseWithTitleAndDescription(java.lang.String,java.lang.String)
Support Case Created: {"caseId": "98765EBD27Z0T56"}
  Then the support case creation should be successful                                                               # org.satyan.stepdefs.UserRegistrationSteps.theSupportCaseCreationShouldBeSuccessful()
]]></system-out>
  </testcase>
  <testcase name="runScenario[&quot;Register, Login, and Create Support Case&quot;, &quot;User Registration and Support Case Creation&quot;](3)" classname="runner.TestRunner" time="0.048">
    <system-out><![CDATA[
Scenario Outline: Register, Login, and Create Support Case                                                          # src/test/resources/features/loginpage.feature:15
  Given a user with username "SatyanP" and password "test123"                                                       # org.satyan.stepdefs.UserRegistrationSteps.aUserWithUsernameAndPassword(java.lang.String,java.lang.String)
Request method:	POST
Request URI:	http://localhost:8080/register
Proxy:			<none>
Request params:	<none>
Query params:	<none>
Form params:	<none>
Path params:	<none>
Headers:		Accept=*/*
				Content-Type=application/json
Cookies:		<none>
Multiparts:		<none>
Body:
{
    "password": "test123",
    "email": "SatyanP"
}
  When the user registers                                                                                           # org.satyan.stepdefs.UserRegistrationSteps.theUserRegisters()
Registration Successful: {"id":4,"token":"QpwL5tke4Pnpja7X4"}
  Then the registration should be successful                                                                        # org.satyan.stepdefs.UserRegistrationSteps.theRegistrationShouldBeSuccessful()
  When the user logs in                                                                                             # org.satyan.stepdefs.UserRegistrationSteps.theUserLogsIn()
Login Successful: {"token":"QpwL5tke4Pnpja7X4"}
  Then the login should be successful and an auth token is returned                                                 # org.satyan.stepdefs.UserRegistrationSteps.theLoginShouldBeSuccessfulAndAnAuthTokenIsReturned()
  When the user creates a support case with title "Test Support Case" and description "This is a test support case" # org.satyan.stepdefs.UserRegistrationSteps.theUserCreatesASupportCaseWithTitleAndDescription(java.lang.String,java.lang.String)
Support Case Created: {"caseId": "98765EBD27Z0T56"}
  Then the support case creation should be successful                                                               # org.satyan.stepdefs.UserRegistrationSteps.theSupportCaseCreationShouldBeSuccessful()
]]></system-out>
  </testcase>
</testsuite>